{"code":"EAUTH","command":"AUTH PLAIN","level":"error","message":"Error sending email: Invalid login: 535-5.7.8 Username and Password not accepted. Learn more at\n535 5.7.8  https://support.google.com/mail/?p=BadCredentials 12-20020a05600c024c00b003fc06169ab3sm15788671wmj.20 - gsmtp","response":"535-5.7.8 Username and Password not accepted. Learn more at\n535 5.7.8  https://support.google.com/mail/?p=BadCredentials 12-20020a05600c024c00b003fc06169ab3sm15788671wmj.20 - gsmtp","responseCode":535,"stack":"Error: Invalid login: 535-5.7.8 Username and Password not accepted. Learn more at\n535 5.7.8  https://support.google.com/mail/?p=BadCredentials 12-20020a05600c024c00b003fc06169ab3sm15788671wmj.20 - gsmtp\n    at SMTPConnection._formatError (webpack-internal:///(rsc)/./node_modules/nodemailer/lib/smtp-connection/index.js:611:19)\n    at SMTPConnection._actionAUTHComplete (webpack-internal:///(rsc)/./node_modules/nodemailer/lib/smtp-connection/index.js:1221:34)\n    at SMTPConnection.eval (webpack-internal:///(rsc)/./node_modules/nodemailer/lib/smtp-connection/index.js:427:26)\n    at SMTPConnection._processResponse (webpack-internal:///(rsc)/./node_modules/nodemailer/lib/smtp-connection/index.js:748:20)\n    at SMTPConnection._onData (webpack-internal:///(rsc)/./node_modules/nodemailer/lib/smtp-connection/index.js:584:14)\n    at SMTPConnection._onSocketData (webpack-internal:///(rsc)/./node_modules/nodemailer/lib/smtp-connection/index.js:143:48)\n    at TLSSocket.emit (node:events:514:28)\n    at addChunk (node:internal/streams/readable:343:12)\n    at readableAddChunk (node:internal/streams/readable:316:9)\n    at Readable.push (node:internal/streams/readable:253:10)\n    at TLSWrap.onStreamRead (node:internal/stream_base_commons:190:23)\n    at TLSWrap.callbackTrampoline (node:internal/async_hooks:130:17)","timestamp":"2023-09-18T17:45:27.585Z"}
{"code":"EAUTH","command":"AUTH PLAIN","level":"error","message":"Error sending email: Invalid login: 534-5.7.9 Application-specific password required. Learn more at\n534 5.7.9  https://support.google.com/mail/?p=InvalidSecondFactor c4-20020a05600c0ac400b004030c778396sm16004015wmr.4 - gsmtp","response":"534-5.7.9 Application-specific password required. Learn more at\n534 5.7.9  https://support.google.com/mail/?p=InvalidSecondFactor c4-20020a05600c0ac400b004030c778396sm16004015wmr.4 - gsmtp","responseCode":534,"stack":"Error: Invalid login: 534-5.7.9 Application-specific password required. Learn more at\n534 5.7.9  https://support.google.com/mail/?p=InvalidSecondFactor c4-20020a05600c0ac400b004030c778396sm16004015wmr.4 - gsmtp\n    at SMTPConnection._formatError (webpack-internal:///(rsc)/./node_modules/nodemailer/lib/smtp-connection/index.js:611:19)\n    at SMTPConnection._actionAUTHComplete (webpack-internal:///(rsc)/./node_modules/nodemailer/lib/smtp-connection/index.js:1221:34)\n    at SMTPConnection.eval (webpack-internal:///(rsc)/./node_modules/nodemailer/lib/smtp-connection/index.js:427:26)\n    at SMTPConnection._processResponse (webpack-internal:///(rsc)/./node_modules/nodemailer/lib/smtp-connection/index.js:748:20)\n    at SMTPConnection._onData (webpack-internal:///(rsc)/./node_modules/nodemailer/lib/smtp-connection/index.js:584:14)\n    at SMTPConnection._onSocketData (webpack-internal:///(rsc)/./node_modules/nodemailer/lib/smtp-connection/index.js:143:48)\n    at TLSSocket.emit (node:events:514:28)\n    at addChunk (node:internal/streams/readable:343:12)\n    at readableAddChunk (node:internal/streams/readable:316:9)\n    at Readable.push (node:internal/streams/readable:253:10)\n    at TLSWrap.onStreamRead (node:internal/stream_base_commons:190:23)\n    at TLSWrap.callbackTrampoline (node:internal/async_hooks:130:17)","timestamp":"2023-09-18T18:00:40.178Z"}
{"code":"EAUTH","command":"AUTH PLAIN","level":"error","message":"Error sending email: Invalid login: 534-5.7.9 Application-specific password required. Learn more at\n534 5.7.9  https://support.google.com/mail/?p=InvalidSecondFactor v13-20020a05600c214d00b00401dc20a070sm16006259wml.43 - gsmtp","response":"534-5.7.9 Application-specific password required. Learn more at\n534 5.7.9  https://support.google.com/mail/?p=InvalidSecondFactor v13-20020a05600c214d00b00401dc20a070sm16006259wml.43 - gsmtp","responseCode":534,"stack":"Error: Invalid login: 534-5.7.9 Application-specific password required. Learn more at\n534 5.7.9  https://support.google.com/mail/?p=InvalidSecondFactor v13-20020a05600c214d00b00401dc20a070sm16006259wml.43 - gsmtp\n    at SMTPConnection._formatError (webpack-internal:///(rsc)/./node_modules/nodemailer/lib/smtp-connection/index.js:611:19)\n    at SMTPConnection._actionAUTHComplete (webpack-internal:///(rsc)/./node_modules/nodemailer/lib/smtp-connection/index.js:1221:34)\n    at SMTPConnection.eval (webpack-internal:///(rsc)/./node_modules/nodemailer/lib/smtp-connection/index.js:427:26)\n    at SMTPConnection._processResponse (webpack-internal:///(rsc)/./node_modules/nodemailer/lib/smtp-connection/index.js:748:20)\n    at SMTPConnection._onData (webpack-internal:///(rsc)/./node_modules/nodemailer/lib/smtp-connection/index.js:584:14)\n    at SMTPConnection._onSocketData (webpack-internal:///(rsc)/./node_modules/nodemailer/lib/smtp-connection/index.js:143:48)\n    at TLSSocket.emit (node:events:514:28)\n    at addChunk (node:internal/streams/readable:343:12)\n    at readableAddChunk (node:internal/streams/readable:316:9)\n    at Readable.push (node:internal/streams/readable:253:10)\n    at TLSWrap.onStreamRead (node:internal/stream_base_commons:190:23)\n    at TLSWrap.callbackTrampoline (node:internal/async_hooks:130:17)","timestamp":"2023-09-18T18:14:15.742Z"}
{"level":"info","message":"Email sent successfully","timestamp":"2023-09-18T18:36:57.825Z"}
{"level":"info","message":"Email sent successfully","timestamp":"2023-09-18T18:49:13.501Z"}
{"level":"info","message":"Email sent successfully","timestamp":"2023-09-18T18:59:03.418Z"}
{"level":"info","message":"Email sent successfully","timestamp":"2023-09-18T19:04:36.879Z"}
{"level":"info","message":"Email sent successfully","timestamp":"2023-09-18T19:06:14.065Z"}
{"level":"info","message":"Email sent successfully","timestamp":"2023-09-18T19:08:57.001Z"}
{"level":"info","message":"Email sent successfully","timestamp":"2023-09-18T19:10:54.280Z"}
{"level":"info","message":"Email sent successfully","timestamp":"2023-09-18T19:13:32.210Z"}
{"level":"info","message":"Email sent successfully","timestamp":"2023-09-18T19:16:12.082Z"}
{"level":"info","message":"Email sent successfully","timestamp":"2023-09-18T19:21:23.677Z"}
{"level":"info","message":"Email sent successfully","timestamp":"2023-09-18T20:46:42.958Z"}
{"level":"info","message":"Email sent successfully","timestamp":"2023-09-18T20:48:08.343Z"}
{"level":"info","message":"Email sent successfully","timestamp":"2023-09-19T13:44:14.332Z"}
{"level":"info","message":"Email sent successfully","timestamp":"2023-09-19T13:51:44.570Z"}
{"level":"info","message":"Email sent successfully","timestamp":"2023-09-19T13:55:05.126Z"}
{"level":"info","message":"Email sent successfully","timestamp":"2023-09-19T13:56:33.581Z"}
{"level":"info","message":"Email sent successfully","timestamp":"2023-09-19T13:57:42.479Z"}
{"level":"info","message":"Email sent successfully","timestamp":"2023-09-19T14:00:00.415Z"}
{"level":"info","message":"Email sent successfully","timestamp":"2023-09-19T14:00:26.330Z"}
{"level":"info","message":"Email sent successfully","timestamp":"2023-09-19T14:01:06.970Z"}
{"level":"info","message":"Email sent successfully","timestamp":"2023-09-19T14:14:08.920Z"}
{"level":"info","message":"Email sent successfully","timestamp":"2023-09-19T14:16:25.226Z"}
{"level":"info","message":"Email sent successfully","timestamp":"2023-09-19T14:17:32.719Z"}
{"level":"info","message":"Email sent successfully","timestamp":"2023-09-19T14:17:43.775Z"}
{"code":"ETIMEDOUT","command":"CONN","level":"error","message":"Error sending email: Connection timeout","stack":"Error: Connection timeout\n    at SMTPConnection._formatError (webpack-internal:///(rsc)/./node_modules/nodemailer/lib/smtp-connection/index.js:611:19)\n    at SMTPConnection._onError (webpack-internal:///(rsc)/./node_modules/nodemailer/lib/smtp-connection/index.js:601:20)\n    at Timeout.eval (webpack-internal:///(rsc)/./node_modules/nodemailer/lib/smtp-connection/index.js:176:22)\n    at listOnTimeout (node:internal/timers:573:17)\n    at process.processTimers (node:internal/timers:514:7)","timestamp":"2023-09-19T14:22:32.880Z"}
{"level":"info","message":"Email sent successfully","timestamp":"2023-09-19T14:33:06.410Z"}
{"level":"info","message":"Email sent successfully","timestamp":"2023-09-19T14:33:29.767Z"}
{"level":"info","message":"Email sent successfully","timestamp":"2023-09-19T14:33:38.524Z"}
{"level":"info","message":"Email sent successfully","timestamp":"2023-09-19T14:35:02.268Z"}
{"level":"info","message":"Email sent successfully","timestamp":"2023-09-19T15:02:03.313Z"}
